<?xml version="1.0" encoding="UTF-8"?>
<!-- Generated by org.testng.reporters.JUnitXMLReporter -->
<testsuite ignored="0" hostname="EGCA1-0091" failures="0" tests="9" name="Default test" time="72.091" errors="0" timestamp="2022-01-10T01:05:27 EET">
  <testcase classname="start.Start" name="startApplication" time="19.671"/>
  <testcase classname="start.Start" name="login" time="5.365"/>
  <testcase classname="start.Start" name="chooseAllProducts" time="5.376"/>
  <testcase classname="start.Start" name="clickToPay" time="5.072"/>
  <testcase classname="start.Start" name="clickToCheckout" time="5.087"/>
  <testcase classname="start.Start" name="Checkout" time="5.348"/>
  <testcase classname="start.Start" name="finalizeCheckout" time="5.067"/>
  <testcase classname="start.Start" name="returnToHomePage" time="5.121"/>
  <testcase classname="start.Start" name="logout" time="10.129"/>
</testsuite> <!-- Default test -->
