<?xml version="1.0" encoding="UTF-8"?>
<testng-results ignored="0" total="9" passed="9" failed="0" skipped="0">
  <reporter-output>
  </reporter-output>
  <suite started-at="2022-01-10T01:04:15 EET" name="Default suite" finished-at="2022-01-10T01:05:27 EET" duration-ms="72091">
    <groups>
    </groups>
    <test started-at="2022-01-10T01:04:15 EET" name="Default test" finished-at="2022-01-10T01:05:27 EET" duration-ms="72091">
      <class name="start.Start">
        <test-method is-config="true" signature="prepareClassProperties()[pri:0, instance:start.Start@649bec2e]" started-at="2022-01-10T01:04:15 EET" name="prepareClassProperties" finished-at="2022-01-10T01:04:20 EET" duration-ms="4409" status="PASS">
          <reporter-output>
          </reporter-output>
        </test-method> <!-- prepareClassProperties -->
        <test-method signature="startApplication()[pri:1, instance:start.Start@649bec2e]" started-at="2022-01-10T01:04:20 EET" name="startApplication" finished-at="2022-01-10T01:04:39 EET" duration-ms="19671" status="PASS">
          <reporter-output>
          </reporter-output>
        </test-method> <!-- startApplication -->
        <test-method signature="login()[pri:2, instance:start.Start@649bec2e]" started-at="2022-01-10T01:04:39 EET" name="login" finished-at="2022-01-10T01:04:45 EET" duration-ms="5365" status="PASS">
          <reporter-output>
          </reporter-output>
        </test-method> <!-- login -->
        <test-method signature="chooseAllProducts()[pri:3, instance:start.Start@649bec2e]" started-at="2022-01-10T01:04:45 EET" name="chooseAllProducts" finished-at="2022-01-10T01:04:50 EET" duration-ms="5376" status="PASS">
          <reporter-output>
          </reporter-output>
        </test-method> <!-- chooseAllProducts -->
        <test-method signature="clickToPay()[pri:4, instance:start.Start@649bec2e]" started-at="2022-01-10T01:04:50 EET" name="clickToPay" finished-at="2022-01-10T01:04:55 EET" duration-ms="5072" status="PASS">
          <reporter-output>
          </reporter-output>
        </test-method> <!-- clickToPay -->
        <test-method signature="clickToCheckout()[pri:5, instance:start.Start@649bec2e]" started-at="2022-01-10T01:04:55 EET" name="clickToCheckout" finished-at="2022-01-10T01:05:00 EET" duration-ms="5087" status="PASS">
          <reporter-output>
          </reporter-output>
        </test-method> <!-- clickToCheckout -->
        <test-method signature="Checkout()[pri:6, instance:start.Start@649bec2e]" started-at="2022-01-10T01:05:00 EET" name="Checkout" finished-at="2022-01-10T01:05:06 EET" duration-ms="5348" status="PASS">
          <reporter-output>
          </reporter-output>
        </test-method> <!-- Checkout -->
        <test-method signature="finalizeCheckout()[pri:7, instance:start.Start@649bec2e]" started-at="2022-01-10T01:05:06 EET" name="finalizeCheckout" finished-at="2022-01-10T01:05:11 EET" duration-ms="5067" status="PASS">
          <reporter-output>
          </reporter-output>
        </test-method> <!-- finalizeCheckout -->
        <test-method signature="returnToHomePage()[pri:8, instance:start.Start@649bec2e]" started-at="2022-01-10T01:05:11 EET" name="returnToHomePage" finished-at="2022-01-10T01:05:16 EET" duration-ms="5121" status="PASS">
          <reporter-output>
          </reporter-output>
        </test-method> <!-- returnToHomePage -->
        <test-method signature="logout()[pri:9, instance:start.Start@649bec2e]" started-at="2022-01-10T01:05:16 EET" name="logout" finished-at="2022-01-10T01:05:26 EET" duration-ms="10129" status="PASS">
          <reporter-output>
          </reporter-output>
        </test-method> <!-- logout -->
        <test-method is-config="true" signature="closeApplication()[pri:0, instance:start.Start@649bec2e]" started-at="2022-01-10T01:05:26 EET" name="closeApplication" finished-at="2022-01-10T01:05:27 EET" duration-ms="1375" status="PASS">
          <reporter-output>
          </reporter-output>
        </test-method> <!-- closeApplication -->
      </class> <!-- start.Start -->
    </test> <!-- Default test -->
  </suite> <!-- Default suite -->
</testng-results>
